Building DAG of jobs...
Provided cores: 1
Rules claiming more threads will be scaled down.
Job counts:
	count	jobs
	1	all
	2	annotate_sex
	3

Job 2: Annotating sex for training_fetal

Error in rule annotate_sex:
    jobid: 2
    output: output/sex/training_fetal.tsv
    log: output/sex/training_fetal_CPM.log

RuleException:
CalledProcessError in line 49 of /home/ddhoogduin/programs/KeyGenes-dataprocessor-v0.2/Snakefile:
Command ' set -euo pipefail;  python3 annotate_sex.pyoutput/cpm/training_fetal.tsv output/sex/training_fetal.tsv &> output/sex/training_fetal_CPM.log ' returned non-zero exit status 2.
  File "/home/ddhoogduin/programs/KeyGenes-dataprocessor-v0.2/Snakefile", line 49, in __rule_annotate_sex
  File "/usr/lib/python3.6/concurrent/futures/thread.py", line 56, in run
Will exit after finishing currently running jobs.
Exiting because a job execution failed. Look above for error message
Complete log: .snakemake/log/2020-04-23T165953.249104.snakemake.log
