Building DAG of jobs...
Provided cores: 1
Rules claiming more threads will be scaled down.
Job counts:
	count	jobs
	1	all
	2	annotate_sex
	2	create_CPM
	5

Job 3: Creating CPM table for training_adult

Finished job 3.
1 of 5 steps (20%) done

Job 4: Creating CPM table for training_fetal

Finished job 4.
2 of 5 steps (40%) done

Job 2: Annotating sex for training_fetal

Finished job 2.
3 of 5 steps (60%) done

Job 1: Annotating sex for training_adult

Finished job 1.
4 of 5 steps (80%) done

localrule all:
    input: output/sex/training_adult.tsv, output/sex/training_fetal.tsv
    jobid: 0

Finished job 0.
5 of 5 steps (100%) done
